<?xml version="1.0" encoding="UTF-8"?>
<!-- Generated by org.testng.reporters.JUnitReportReporter -->
<testsuite hostname="WBOX42" failures="0" tests="1" name="testCases.TestClass1" time="37.443" errors="0" timestamp="2024-03-07T13:27:13 IST" skipped="0">
  <testcase classname="testCases.TestClass1" name="Login" time="37.443"/>
</testsuite> <!-- testCases.TestClass1 -->
