<?xml version="1.0" encoding="UTF-8"?>
<!-- Generated by org.testng.reporters.JUnitReportReporter -->
<testsuite hostname="WBOX42" failures="0" tests="5" name="testCases.TestClass2" time="87.615" errors="0" timestamp="2024-03-21T13:04:43 IST" skipped="2">
  <testcase classname="testCases.TestClass2" name="signupScenario" time="41.585"/>
  <testcase classname="testCases.TestClass2" name="loginScenario" time="5.629"/>
  <testcase classname="testCases.TestClass2" name="createPartyScenario" time="40.401"/>
  <testcase classname="testCases.TestClass2" name="removeParty">
    <skipped/>
  </testcase> <!-- removeParty -->
  <testcase classname="testCases.TestClass2" name="serveParty">
    <skipped/>
  </testcase> <!-- serveParty -->
</testsuite> <!-- testCases.TestClass2 -->
