<?xml version="1.0" encoding="UTF-8"?>
<!-- Generated by org.testng.reporters.JUnitReportReporter -->
<testsuite hostname="WBOX42" failures="0" tests="6" name="testCases.TestClass2" time="109.474" errors="0" timestamp="2024-03-21T18:21:00 IST" skipped="2">
  <testcase classname="testCases.TestClass2" name="signupScenario" time="39.901"/>
  <testcase classname="testCases.TestClass2" name="loginScenario" time="4.608"/>
  <testcase classname="testCases.TestClass2" name="createPartyScenario" time="37.816"/>
  <testcase classname="testCases.TestClass2" name="Customization" time="27.149"/>
  <testcase classname="testCases.TestClass2" name="serveParty">
    <skipped/>
  </testcase> <!-- serveParty -->
  <testcase classname="testCases.TestClass2" name="removeParty">
    <skipped/>
  </testcase> <!-- removeParty -->
</testsuite> <!-- testCases.TestClass2 -->
