<?xml version="1.0" encoding="UTF-8"?>
<!-- Generated by org.testng.reporters.JUnitReportReporter -->
<testsuite hostname="WBOX42" failures="0" tests="5" name="testCases.TestClass1" time="165.796" errors="0" timestamp="2024-03-16T13:02:41 IST" skipped="1">
  <testcase classname="testCases.TestClass1" name="login" time="20.328"/>
  <testcase classname="testCases.TestClass1" name="removeParty" time="44.048"/>
  <testcase classname="testCases.TestClass1" name="serveParty" time="56.010"/>
  <testcase classname="testCases.TestClass1" name="reAddParty" time="45.410"/>
  <testcase classname="testCases.TestClass1" name="createParty">
    <skipped/>
  </testcase> <!-- createParty -->
  <system-out>
    <![CDATA[<a href='C:\Users\wbox42\eclipse-workspace\AppiumDemo\target\surefire-reports\failure_screenshots\removeParty_16_03_2024_12_58_12.png'> <img src='C:\Users\wbox42\eclipse-workspace\AppiumDemo\target\surefire-reports\failure_screenshots\removeParty_16_03_2024_12_58_12.png' height='100' width='100'/> </a>]]>
  </system-out>
</testsuite> <!-- testCases.TestClass1 -->
