<?xml version="1.0" encoding="UTF-8"?>
<!-- Generated by org.testng.reporters.JUnitReportReporter -->
<testsuite hostname="WBOX42" failures="0" tests="7" name="testCases.TestClass1" time="34.860" errors="0" timestamp="2024-04-01T16:14:25 IST" skipped="6">
  <testcase classname="testCases.TestClass1" name="signupScenario" time="34.860"/>
  <testcase classname="testCases.TestClass1" name="removeParty">
    <skipped/>
  </testcase> <!-- removeParty -->
  <testcase classname="testCases.TestClass1" name="Customization">
    <skipped/>
  </testcase> <!-- Customization -->
  <testcase classname="testCases.TestClass1" name="serveParty">
    <skipped/>
  </testcase> <!-- serveParty -->
  <testcase classname="testCases.TestClass1" name="loginScenario">
    <skipped/>
  </testcase> <!-- loginScenario -->
  <testcase classname="testCases.TestClass1" name="createPartyScenario">
    <skipped/>
  </testcase> <!-- createPartyScenario -->
  <testcase classname="testCases.TestClass1" name="checkHistoryFilters">
    <skipped/>
  </testcase> <!-- checkHistoryFilters -->
</testsuite> <!-- testCases.TestClass1 -->
