<?xml version="1.0" encoding="UTF-8"?>
<!-- Generated by org.testng.reporters.JUnitReportReporter -->
<testsuite hostname="WBOX42" failures="0" tests="2" name="testCases.TestClass1" time="35.237" errors="0" timestamp="2024-03-09T11:21:08 IST" skipped="0">
  <testcase classname="testCases.TestClass1" name="Login" time="16.435"/>
  <testcase classname="testCases.TestClass1" name="Login" time="18.802"/>
</testsuite> <!-- testCases.TestClass1 -->
