<?xml version="1.0" encoding="UTF-8"?>
<!-- Generated by org.testng.reporters.JUnitReportReporter -->
<testsuite hostname="WBOX42" failures="0" tests="7" name="testCases.TestClass2" time="37.788" errors="0" timestamp="2024-04-01T11:32:14 IST" skipped="5">
  <testcase classname="testCases.TestClass2" name="loginScenario" time="5.426"/>
  <testcase classname="testCases.TestClass2" name="createPartyScenario" time="32.362"/>
  <testcase classname="testCases.TestClass2" name="Customization">
    <skipped/>
  </testcase> <!-- Customization -->
  <testcase classname="testCases.TestClass2" name="signupScenario">
    <skipped/>
  </testcase> <!-- signupScenario -->
  <testcase classname="testCases.TestClass2" name="serveParty">
    <skipped/>
  </testcase> <!-- serveParty -->
  <testcase classname="testCases.TestClass2" name="removeParty">
    <skipped/>
  </testcase> <!-- removeParty -->
  <testcase classname="testCases.TestClass2" name="checkHistoryFilters">
    <skipped/>
  </testcase> <!-- checkHistoryFilters -->
</testsuite> <!-- testCases.TestClass2 -->
