<?xml version="1.0" encoding="UTF-8"?>
<!-- Generated by org.testng.reporters.JUnitReportReporter -->
<testsuite hostname="WBOX42" failures="0" tests="5" name="testCases.TestClass1" time="171.070" errors="0" timestamp="2024-03-18T13:23:33 IST" skipped="1">
  <testcase classname="testCases.TestClass1" name="login" time="21.657"/>
  <testcase classname="testCases.TestClass1" name="removeParty" time="48.454"/>
  <testcase classname="testCases.TestClass1" name="serveParty" time="55.432"/>
  <testcase classname="testCases.TestClass1" name="reAddParty" time="45.527"/>
  <testcase classname="testCases.TestClass1" name="createParty">
    <skipped/>
  </testcase> <!-- createParty -->
</testsuite> <!-- testCases.TestClass1 -->
